<?xml version="1.0" encoding="UTF-8"?>
<testng-results skipped="0" failed="0" ignored="0" total="2" passed="2">
  <reporter-output>
  </reporter-output>
  <suite name="Suite" duration-ms="10988" started-at="2019-02-13T12:19:56Z" finished-at="2019-02-13T12:20:07Z">
    <groups>
    </groups>
    <test name="Test" duration-ms="10988" started-at="2019-02-13T12:19:56Z" finished-at="2019-02-13T12:20:07Z">
      <class name="Login.Login">
        <test-method status="PASS" signature="Launch_browser()[pri:0, instance:Login.Login@475530b9]" name="Launch_browser" is-config="true" duration-ms="19786" started-at="2019-02-13T12:19:36Z" finished-at="2019-02-13T12:19:56Z">
          <reporter-output>
          </reporter-output>
        </test-method> <!-- Launch_browser -->
        <test-method status="PASS" signature="check()[pri:0, instance:Login.Login@475530b9]" name="check" duration-ms="6671" started-at="2019-02-13T12:19:56Z" finished-at="2019-02-13T12:20:03Z">
          <reporter-output>
          </reporter-output>
        </test-method> <!-- check -->
        <test-method status="PASS" signature="forgot()[pri:0, instance:Login.Login@475530b9]" name="forgot" duration-ms="4292" started-at="2019-02-13T12:20:03Z" finished-at="2019-02-13T12:20:07Z">
          <reporter-output>
          </reporter-output>
        </test-method> <!-- forgot -->
        <test-method status="PASS" signature="close()[pri:0, instance:Login.Login@475530b9]" name="close" is-config="true" duration-ms="2120" started-at="2019-02-13T12:20:07Z" finished-at="2019-02-13T12:20:09Z">
          <reporter-output>
          </reporter-output>
        </test-method> <!-- close -->
      </class> <!-- Login.Login -->
    </test> <!-- Test -->
  </suite> <!-- Suite -->
</testng-results>
